
1 0  17
2 0  22
3 0  19
4 0  20
5 0  21
6 0  19
7 0  21
8 0  20
9 0  12
10 0  24
11 0  23
12 0  17
13 0  23
14 0  21
15 0  19
16 0  20
17 0  21
18 0  19
19 0  18
20 0  23
21 0  19
22 0  21
23 0  19
24 0  18
25 0  23
26 0  20
27 0  17
28 0  22
29 0  20
30 0  21
31 0  17
32 0  23
33 0  19
34 0  20
35 0  21
36 0  20
37 0  20
38 0  20
39 0  17
40 0  23
41 0  19
42 0  21
43 0  20
44 0  20
45 0  20
46 0  18
47 0  21
48 0  21
49 0  18
50 0  16
51 0  26
52 0  19
53 0  20
54 0  14
55 0  27
56 0  18
57 0  21
58 0  20
59 0  19
60 0  22
61 0  19
62 0  17
63 0  4
64 0 0
65 0 0
66 0 0
67 0 0
68 0 0
69 0 0
70 0 0
71 0 0
72 0 0
73 0 0
74 0 0
75 0 0
76 0 0
77 0 0
78 0 0
79 0 0
80 0 0
81 0 0
82 0 0
83 0 0
84 0 0
85 0 0
86 0 0
87 0 0
88 0 0
89 0 0
90 0 0
91 0 0
92 0 0
93 0 0
94 0 0
95 0 0
96 0 0
97 0 0
98 0 0
99 0 0
100 0 0
101 0 0
102 0 0
103 0 0
104 0 0
105 0 0
106 0 0
107 0 0
108 0 0
109 0 0
110 0 0
111 0 0
112 0 0
113 0 0
114 0 0
115 0 0
116 0 0
117 0 0
118 0 0
119 0 0
120 0 0
121 0 0
122 0 0
123 0 0
124 0 0
125 0 0
126 0 0
127 0 0
128 0 0
129 0 0
130 0 0
131 0 0
132 0 0
133 0 0
134 0 0
135 0 0
136 0 0
137 0 0
138 0 0
139 0 0
140 0 0
141 0 0
142 0 0
143 0 0
144 0 0
145 0 0
146 0 0
147 0 0
148 0 0
149 0 0
150 0 0
151 0 0
152 0 0
153 0 0
154 0 0
155 0 0
156 0 0
157 0 0
158 0 0
159 0 0
160 0 0
161 0 0
162 0 0
163 0 0
164 0 0
165 0 0
166 0 0
167 0 0
168 0 0
169 0 0
170 0 0
171 0 0
172 0 0
173 0 0
174 0 0
175 0 0
176 0 0
177 0 0
178 0 0
179 0 0
180 0 0
